<?xml version="1.0" encoding="UTF-8"?>
<testsuite name="com.example.demo.JpaWiringTest" tests="1" skipped="0" failures="0" errors="0" timestamp="2021-01-13T14:21:16" hostname="WECANCODEIT-201" time="0.492">
  <properties/>
  <testcase name="todoItemHasManyHashtagsAndHashtagsHaveManyTodoItems()" classname="com.example.demo.JpaWiringTest" time="0.492"/>
  <system-out><![CDATA[09:21:10.744 [Test worker] DEBUG org.springframework.test.context.BootstrapUtils - Instantiating CacheAwareContextLoaderDelegate from class [org.springframework.test.context.cache.DefaultCacheAwareContextLoaderDelegate]
09:21:10.767 [Test worker] DEBUG org.springframework.test.context.BootstrapUtils - Instantiating BootstrapContext using constructor [public org.springframework.test.context.support.DefaultBootstrapContext(java.lang.Class,org.springframework.test.context.CacheAwareContextLoaderDelegate)]
09:21:10.838 [Test worker] DEBUG org.springframework.test.context.BootstrapUtils - Instantiating TestContextBootstrapper for test class [com.example.demo.JpaWiringTest] from class [org.springframework.boot.test.autoconfigure.orm.jpa.DataJpaTestContextBootstrapper]
09:21:10.868 [Test worker] INFO org.springframework.boot.test.autoconfigure.orm.jpa.DataJpaTestContextBootstrapper - Neither @ContextConfiguration nor @ContextHierarchy found for test class [com.example.demo.JpaWiringTest], using SpringBootContextLoader
09:21:10.877 [Test worker] DEBUG org.springframework.test.context.support.AbstractContextLoader - Did not detect default resource location for test class [com.example.demo.JpaWiringTest]: class path resource [com/example/demo/JpaWiringTest-context.xml] does not exist
09:21:10.880 [Test worker] DEBUG org.springframework.test.context.support.AbstractContextLoader - Did not detect default resource location for test class [com.example.demo.JpaWiringTest]: class path resource [com/example/demo/JpaWiringTestContext.groovy] does not exist
09:21:10.883 [Test worker] INFO org.springframework.test.context.support.AbstractContextLoader - Could not detect default resource locations for test class [com.example.demo.JpaWiringTest]: no resource found for suffixes {-context.xml, Context.groovy}.
09:21:10.886 [Test worker] INFO org.springframework.test.context.support.AnnotationConfigContextLoaderUtils - Could not detect default configuration classes for test class [com.example.demo.JpaWiringTest]: JpaWiringTest does not declare any static, non-private, non-final, nested classes annotated with @Configuration.
09:21:11.003 [Test worker] DEBUG org.springframework.test.context.support.ActiveProfilesUtils - Could not find an 'annotation declaring class' for annotation type [org.springframework.test.context.ActiveProfiles] and class [com.example.demo.JpaWiringTest]
09:21:11.103 [Test worker] DEBUG org.springframework.context.annotation.ClassPathScanningCandidateComponentProvider - Identified candidate component class: file [C:\Users\We Can Code IT\Desktop\WCCI\TodoItemWeek6\build\classes\java\main\com\example\demo\TodoforWcciApplication.class]
09:21:11.105 [Test worker] INFO org.springframework.boot.test.context.SpringBootTestContextBootstrapper - Found @SpringBootConfiguration com.example.demo.TodoforWcciApplication for test class com.example.demo.JpaWiringTest
09:21:11.128 [Test worker] DEBUG org.springframework.boot.test.autoconfigure.orm.jpa.DataJpaTestContextBootstrapper - @TestExecutionListeners is not present for class [com.example.demo.JpaWiringTest]: using defaults.
09:21:11.131 [Test worker] INFO org.springframework.boot.test.autoconfigure.orm.jpa.DataJpaTestContextBootstrapper - Loaded default TestExecutionListener class names from location [META-INF/spring.factories]: [org.springframework.boot.test.autoconfigure.restdocs.RestDocsTestExecutionListener, org.springframework.boot.test.autoconfigure.web.client.MockRestServiceServerResetTestExecutionListener, org.springframework.boot.test.autoconfigure.web.servlet.MockMvcPrintOnlyOnFailureTestExecutionListener, org.springframework.boot.test.autoconfigure.web.servlet.WebDriverTestExecutionListener, org.springframework.boot.test.autoconfigure.webservices.client.MockWebServiceServerTestExecutionListener, org.springframework.boot.test.mock.mockito.MockitoTestExecutionListener, org.springframework.boot.test.mock.mockito.ResetMocksTestExecutionListener, org.springframework.test.context.web.ServletTestExecutionListener, org.springframework.test.context.support.DirtiesContextBeforeModesTestExecutionListener, org.springframework.test.context.support.DependencyInjectionTestExecutionListener, org.springframework.test.context.support.DirtiesContextTestExecutionListener, org.springframework.test.context.transaction.TransactionalTestExecutionListener, org.springframework.test.context.jdbc.SqlScriptsTestExecutionListener, org.springframework.test.context.event.EventPublishingTestExecutionListener]
09:21:11.194 [Test worker] INFO org.springframework.boot.test.autoconfigure.orm.jpa.DataJpaTestContextBootstrapper - Using TestExecutionListeners: [org.springframework.test.context.web.ServletTestExecutionListener@788d2a20, org.springframework.test.context.support.DirtiesContextBeforeModesTestExecutionListener@55c0908a, org.springframework.boot.test.mock.mockito.MockitoTestExecutionListener@5c02f3df, org.springframework.boot.test.autoconfigure.SpringBootDependencyInjectionTestExecutionListener@29b2f49, org.springframework.test.context.support.DirtiesContextTestExecutionListener@13d6c910, org.springframework.test.context.transaction.TransactionalTestExecutionListener@42c34f20, org.springframework.test.context.jdbc.SqlScriptsTestExecutionListener@994d0ac, org.springframework.test.context.event.EventPublishingTestExecutionListener@522e47b0, org.springframework.boot.test.autoconfigure.restdocs.RestDocsTestExecutionListener@77158aac, org.springframework.boot.test.autoconfigure.web.client.MockRestServiceServerResetTestExecutionListener@2ff77121, org.springframework.boot.test.autoconfigure.web.servlet.MockMvcPrintOnlyOnFailureTestExecutionListener@c9d5c3, org.springframework.boot.test.autoconfigure.web.servlet.WebDriverTestExecutionListener@207a01ad, org.springframework.boot.test.autoconfigure.webservices.client.MockWebServiceServerTestExecutionListener@7be1bfe4, org.springframework.boot.test.mock.mockito.ResetMocksTestExecutionListener@6f0bb7c0]
09:21:11.228 [Test worker] DEBUG org.springframework.test.context.support.AbstractDirtiesContextTestExecutionListener - Before test class: context [DefaultTestContext@692dcc0 testClass = JpaWiringTest, testInstance = [null], testMethod = [null], testException = [null], mergedContextConfiguration = [MergedContextConfiguration@120dde7b testClass = JpaWiringTest, locations = '{}', classes = '{class com.example.demo.TodoforWcciApplication}', contextInitializerClasses = '[]', activeProfiles = '{}', propertySourceLocations = '{}', propertySourceProperties = '{org.springframework.boot.test.autoconfigure.orm.jpa.DataJpaTestContextBootstrapper=true}', contextCustomizers = set[org.springframework.boot.test.autoconfigure.OverrideAutoConfigurationContextCustomizerFactory$DisableAutoConfigurationContextCustomizer@57c08f3a, org.springframework.boot.test.autoconfigure.actuate.metrics.MetricsExportContextCustomizerFactory$DisableMetricExportContextCustomizer@4da33d6d, org.springframework.boot.test.autoconfigure.filter.TypeExcludeFiltersContextCustomizer@351584c0, org.springframework.boot.test.autoconfigure.properties.PropertyMappingContextCustomizer@fb99e2a, org.springframework.boot.test.autoconfigure.web.servlet.WebDriverContextCustomizerFactory$Customizer@3a512506, [ImportsContextCustomizer@3ce0d762 key = [org.springframework.boot.autoconfigure.cache.CacheAutoConfiguration, org.springframework.boot.autoconfigure.data.jpa.JpaRepositoriesAutoConfiguration, org.springframework.boot.autoconfigure.flyway.FlywayAutoConfiguration, org.springframework.boot.autoconfigure.jdbc.DataSourceAutoConfiguration, org.springframework.boot.autoconfigure.jdbc.DataSourceTransactionManagerAutoConfiguration, org.springframework.boot.autoconfigure.jdbc.JdbcTemplateAutoConfiguration, org.springframework.boot.autoconfigure.liquibase.LiquibaseAutoConfiguration, org.springframework.boot.autoconfigure.orm.jpa.HibernateJpaAutoConfiguration, org.springframework.boot.autoconfigure.transaction.TransactionAutoConfiguration, org.springframework.boot.test.autoconfigure.jdbc.TestDatabaseAutoConfiguration, org.springframework.boot.test.autoconfigure.orm.jpa.TestEntityManagerAutoConfiguration]], org.springframework.boot.test.context.filter.ExcludeFilterContextCustomizer@aa3663, org.springframework.boot.test.json.DuplicateJsonObjectContextCustomizerFactory$DuplicateJsonObjectContextCustomizer@5fef9608, org.springframework.boot.test.mock.mockito.MockitoContextCustomizer@0, org.springframework.boot.test.context.SpringBootTestArgs@1, org.springframework.boot.test.context.SpringBootTestWebEnvironment@0], contextLoader = 'org.springframework.boot.test.context.SpringBootContextLoader', parent = [null]], attributes = map[[empty]]], class annotated with @DirtiesContext [false] with mode [null].
09:21:11.260 [Test worker] DEBUG org.springframework.test.context.support.DependencyInjectionTestExecutionListener - Performing dependency injection for test context [[DefaultTestContext@692dcc0 testClass = JpaWiringTest, testInstance = com.example.demo.JpaWiringTest@2089e7d8, testMethod = [null], testException = [null], mergedContextConfiguration = [MergedContextConfiguration@120dde7b testClass = JpaWiringTest, locations = '{}', classes = '{class com.example.demo.TodoforWcciApplication}', contextInitializerClasses = '[]', activeProfiles = '{}', propertySourceLocations = '{}', propertySourceProperties = '{org.springframework.boot.test.autoconfigure.orm.jpa.DataJpaTestContextBootstrapper=true}', contextCustomizers = set[org.springframework.boot.test.autoconfigure.OverrideAutoConfigurationContextCustomizerFactory$DisableAutoConfigurationContextCustomizer@57c08f3a, org.springframework.boot.test.autoconfigure.actuate.metrics.MetricsExportContextCustomizerFactory$DisableMetricExportContextCustomizer@4da33d6d, org.springframework.boot.test.autoconfigure.filter.TypeExcludeFiltersContextCustomizer@351584c0, org.springframework.boot.test.autoconfigure.properties.PropertyMappingContextCustomizer@fb99e2a, org.springframework.boot.test.autoconfigure.web.servlet.WebDriverContextCustomizerFactory$Customizer@3a512506, [ImportsContextCustomizer@3ce0d762 key = [org.springframework.boot.autoconfigure.cache.CacheAutoConfiguration, org.springframework.boot.autoconfigure.data.jpa.JpaRepositoriesAutoConfiguration, org.springframework.boot.autoconfigure.flyway.FlywayAutoConfiguration, org.springframework.boot.autoconfigure.jdbc.DataSourceAutoConfiguration, org.springframework.boot.autoconfigure.jdbc.DataSourceTransactionManagerAutoConfiguration, org.springframework.boot.autoconfigure.jdbc.JdbcTemplateAutoConfiguration, org.springframework.boot.autoconfigure.liquibase.LiquibaseAutoConfiguration, org.springframework.boot.autoconfigure.orm.jpa.HibernateJpaAutoConfiguration, org.springframework.boot.autoconfigure.transaction.TransactionAutoConfiguration, org.springframework.boot.test.autoconfigure.jdbc.TestDatabaseAutoConfiguration, org.springframework.boot.test.autoconfigure.orm.jpa.TestEntityManagerAutoConfiguration]], org.springframework.boot.test.context.filter.ExcludeFilterContextCustomizer@aa3663, org.springframework.boot.test.json.DuplicateJsonObjectContextCustomizerFactory$DuplicateJsonObjectContextCustomizer@5fef9608, org.springframework.boot.test.mock.mockito.MockitoContextCustomizer@0, org.springframework.boot.test.context.SpringBootTestArgs@1, org.springframework.boot.test.context.SpringBootTestWebEnvironment@0], contextLoader = 'org.springframework.boot.test.context.SpringBootContextLoader', parent = [null]], attributes = map[[empty]]]].
09:21:11.322 [Test worker] DEBUG org.springframework.test.context.support.TestPropertySourceUtils - Adding inlined properties to environment: {spring.jmx.enabled=false, org.springframework.boot.test.autoconfigure.orm.jpa.DataJpaTestContextBootstrapper=true}

  .   ____          _            __ _ _
 /\\ / ___'_ __ _ _(_)_ __  __ _ \ \ \ \
( ( )\___ | '_ | '_| | '_ \/ _` | \ \ \ \
 \\/  ___)| |_)| | | | | || (_| |  ) ) ) )
  '  |____| .__|_| |_|_| |_\__, | / / / /
 =========|_|==============|___/=/_/_/_/
 :: Spring Boot ::                (v2.4.1)

2021-01-13 09:21:11.877  INFO 19380 --- [    Test worker] com.example.demo.JpaWiringTest           : Starting JpaWiringTest using Java 15.0.1 on WeCanCodeIT-2010 with PID 19380 (started by We Can Code IT in C:\Users\We Can Code IT\Desktop\WCCI\TodoItemWeek6)
2021-01-13 09:21:11.889  INFO 19380 --- [    Test worker] com.example.demo.JpaWiringTest           : No active profile set, falling back to default profiles: default
2021-01-13 09:21:12.741  INFO 19380 --- [    Test worker] .s.d.r.c.RepositoryConfigurationDelegate : Bootstrapping Spring Data JPA repositories in DEFAULT mode.
2021-01-13 09:21:12.918  INFO 19380 --- [    Test worker] .s.d.r.c.RepositoryConfigurationDelegate : Finished Spring Data repository scanning in 142 ms. Found 3 JPA repository interfaces.
2021-01-13 09:21:13.013  INFO 19380 --- [    Test worker] beddedDataSourceBeanFactoryPostProcessor : Replacing 'dataSource' DataSource bean with embedded version
2021-01-13 09:21:13.299  INFO 19380 --- [    Test worker] o.s.j.d.e.EmbeddedDatabaseFactory        : Starting embedded database: url='jdbc:h2:mem:e5d5b11e-3667-4ca0-9bfe-6a86bb0d0669;DB_CLOSE_DELAY=-1;DB_CLOSE_ON_EXIT=false', username='sa'
2021-01-13 09:21:14.066  INFO 19380 --- [    Test worker] o.hibernate.jpa.internal.util.LogHelper  : HHH000204: Processing PersistenceUnitInfo [name: default]
2021-01-13 09:21:14.176  INFO 19380 --- [    Test worker] org.hibernate.Version                    : HHH000412: Hibernate ORM core version 5.4.25.Final
2021-01-13 09:21:14.451  INFO 19380 --- [    Test worker] o.hibernate.annotations.common.Version   : HCANN000001: Hibernate Commons Annotations {5.1.2.Final}
2021-01-13 09:21:14.684  INFO 19380 --- [    Test worker] org.hibernate.dialect.Dialect            : HHH000400: Using dialect: org.hibernate.dialect.H2Dialect
Hibernate: drop table if exists hashtag CASCADE 
Hibernate: drop table if exists hashtag_todo_item CASCADE 
Hibernate: drop table if exists todo_item CASCADE 
Hibernate: drop table if exists todo_owner CASCADE 
Hibernate: drop sequence if exists hibernate_sequence
Hibernate: create sequence hibernate_sequence start with 1 increment by 1
Hibernate: create table hashtag (id bigint not null, name varchar(255), primary key (id))
Hibernate: create table hashtag_todo_item (hashtags_id bigint not null, todo_item_id bigint not null)
Hibernate: create table todo_item (id bigint not null, urgency varchar(255), description varchar(255), title varchar(255), owner_id bigint, primary key (id))
Hibernate: create table todo_owner (id bigint not null, name varchar(255), primary key (id))
Hibernate: alter table hashtag_todo_item add constraint FKsp664we62pcsya768b9slv9qq foreign key (todo_item_id) references todo_item
Hibernate: alter table hashtag_todo_item add constraint FKes8qaoobqlweid6gwg4gtdygk foreign key (hashtags_id) references hashtag
Hibernate: alter table todo_item add constraint FKjgtu49phsj9xae69rd3847ofb foreign key (owner_id) references todo_owner
2021-01-13 09:21:15.847  INFO 19380 --- [    Test worker] o.h.e.t.j.p.i.JtaPlatformInitiator       : HHH000490: Using JtaPlatform implementation: [org.hibernate.engine.transaction.jta.platform.internal.NoJtaPlatform]
2021-01-13 09:21:15.861  INFO 19380 --- [    Test worker] j.LocalContainerEntityManagerFactoryBean : Initialized JPA EntityManagerFactory for persistence unit 'default'
2021-01-13 09:21:16.466  INFO 19380 --- [    Test worker] com.example.demo.JpaWiringTest           : Started JpaWiringTest in 5.14 seconds (JVM running for 7.241)
2021-01-13 09:21:16.528  INFO 19380 --- [    Test worker] o.s.t.c.transaction.TransactionContext   : Began transaction (1) for test context [DefaultTestContext@692dcc0 testClass = JpaWiringTest, testInstance = com.example.demo.JpaWiringTest@2089e7d8, testMethod = todoItemHasManyHashtagsAndHashtagsHaveManyTodoItems@JpaWiringTest, testException = [null], mergedContextConfiguration = [MergedContextConfiguration@120dde7b testClass = JpaWiringTest, locations = '{}', classes = '{class com.example.demo.TodoforWcciApplication}', contextInitializerClasses = '[]', activeProfiles = '{}', propertySourceLocations = '{}', propertySourceProperties = '{org.springframework.boot.test.autoconfigure.orm.jpa.DataJpaTestContextBootstrapper=true}', contextCustomizers = set[org.springframework.boot.test.autoconfigure.OverrideAutoConfigurationContextCustomizerFactory$DisableAutoConfigurationContextCustomizer@57c08f3a, org.springframework.boot.test.autoconfigure.actuate.metrics.MetricsExportContextCustomizerFactory$DisableMetricExportContextCustomizer@4da33d6d, org.springframework.boot.test.autoconfigure.filter.TypeExcludeFiltersContextCustomizer@351584c0, org.springframework.boot.test.autoconfigure.properties.PropertyMappingContextCustomizer@fb99e2a, org.springframework.boot.test.autoconfigure.web.servlet.WebDriverContextCustomizerFactory$Customizer@3a512506, [ImportsContextCustomizer@3ce0d762 key = [org.springframework.boot.autoconfigure.cache.CacheAutoConfiguration, org.springframework.boot.autoconfigure.data.jpa.JpaRepositoriesAutoConfiguration, org.springframework.boot.autoconfigure.flyway.FlywayAutoConfiguration, org.springframework.boot.autoconfigure.jdbc.DataSourceAutoConfiguration, org.springframework.boot.autoconfigure.jdbc.DataSourceTransactionManagerAutoConfiguration, org.springframework.boot.autoconfigure.jdbc.JdbcTemplateAutoConfiguration, org.springframework.boot.autoconfigure.liquibase.LiquibaseAutoConfiguration, org.springframework.boot.autoconfigure.orm.jpa.HibernateJpaAutoConfiguration, org.springframework.boot.autoconfigure.transaction.TransactionAutoConfiguration, org.springframework.boot.test.autoconfigure.jdbc.TestDatabaseAutoConfiguration, org.springframework.boot.test.autoconfigure.orm.jpa.TestEntityManagerAutoConfiguration]], org.springframework.boot.test.context.filter.ExcludeFilterContextCustomizer@aa3663, org.springframework.boot.test.json.DuplicateJsonObjectContextCustomizerFactory$DuplicateJsonObjectContextCustomizer@5fef9608, org.springframework.boot.test.mock.mockito.MockitoContextCustomizer@0, org.springframework.boot.test.context.SpringBootTestArgs@1, org.springframework.boot.test.context.SpringBootTestWebEnvironment@0], contextLoader = 'org.springframework.boot.test.context.SpringBootContextLoader', parent = [null]], attributes = map[[empty]]]; transaction manager [org.springframework.orm.jpa.JpaTransactionManager@24a3738c]; rollback [true]
Hibernate: call next value for hibernate_sequence
Hibernate: call next value for hibernate_sequence
Hibernate: call next value for hibernate_sequence
Hibernate: call next value for hibernate_sequence
Hibernate: call next value for hibernate_sequence
Hibernate: call next value for hibernate_sequence
Hibernate: insert into todo_owner (name, id) values (?, ?)
Hibernate: insert into todo_item (urgency, description, owner_id, title, id) values (?, ?, ?, ?, ?)
Hibernate: insert into todo_item (urgency, description, owner_id, title, id) values (?, ?, ?, ?, ?)
Hibernate: insert into hashtag (name, id) values (?, ?)
Hibernate: insert into hashtag (name, id) values (?, ?)
Hibernate: insert into hashtag (name, id) values (?, ?)
Hibernate: insert into hashtag_todo_item (hashtags_id, todo_item_id) values (?, ?)
Hibernate: insert into hashtag_todo_item (hashtags_id, todo_item_id) values (?, ?)
Hibernate: insert into hashtag_todo_item (hashtags_id, todo_item_id) values (?, ?)
Hibernate: insert into hashtag_todo_item (hashtags_id, todo_item_id) values (?, ?)
Hibernate: select todoitem0_.id as id1_2_0_, todoitem0_.urgency as urgency2_2_0_, todoitem0_.description as descript3_2_0_, todoitem0_.owner_id as owner_id5_2_0_, todoitem0_.title as title4_2_0_, todoowner1_.id as id1_3_1_, todoowner1_.name as name2_3_1_ from todo_item todoitem0_ left outer join todo_owner todoowner1_ on todoitem0_.owner_id=todoowner1_.id where todoitem0_.id=?
Hibernate: select todoitem0_.id as id1_2_0_, todoitem0_.urgency as urgency2_2_0_, todoitem0_.description as descript3_2_0_, todoitem0_.owner_id as owner_id5_2_0_, todoitem0_.title as title4_2_0_, todoowner1_.id as id1_3_1_, todoowner1_.name as name2_3_1_ from todo_item todoitem0_ left outer join todo_owner todoowner1_ on todoitem0_.owner_id=todoowner1_.id where todoitem0_.id=?
Hibernate: select hashtags0_.todo_item_id as todo_ite2_1_0_, hashtags0_.hashtags_id as hashtags1_1_0_, hashtag1_.id as id1_0_1_, hashtag1_.name as name2_0_1_ from hashtag_todo_item hashtags0_ inner join hashtag hashtag1_ on hashtags0_.hashtags_id=hashtag1_.id where hashtags0_.todo_item_id=?
Hibernate: select hashtags0_.todo_item_id as todo_ite2_1_0_, hashtags0_.hashtags_id as hashtags1_1_0_, hashtag1_.id as id1_0_1_, hashtag1_.name as name2_0_1_ from hashtag_todo_item hashtags0_ inner join hashtag hashtag1_ on hashtags0_.hashtags_id=hashtag1_.id where hashtags0_.todo_item_id=?
2021-01-13 09:21:16.969  INFO 19380 --- [    Test worker] o.s.t.c.transaction.TransactionContext   : Rolled back transaction for test: [DefaultTestContext@692dcc0 testClass = JpaWiringTest, testInstance = com.example.demo.JpaWiringTest@2089e7d8, testMethod = todoItemHasManyHashtagsAndHashtagsHaveManyTodoItems@JpaWiringTest, testException = [null], mergedContextConfiguration = [MergedContextConfiguration@120dde7b testClass = JpaWiringTest, locations = '{}', classes = '{class com.example.demo.TodoforWcciApplication}', contextInitializerClasses = '[]', activeProfiles = '{}', propertySourceLocations = '{}', propertySourceProperties = '{org.springframework.boot.test.autoconfigure.orm.jpa.DataJpaTestContextBootstrapper=true}', contextCustomizers = set[org.springframework.boot.test.autoconfigure.OverrideAutoConfigurationContextCustomizerFactory$DisableAutoConfigurationContextCustomizer@57c08f3a, org.springframework.boot.test.autoconfigure.actuate.metrics.MetricsExportContextCustomizerFactory$DisableMetricExportContextCustomizer@4da33d6d, org.springframework.boot.test.autoconfigure.filter.TypeExcludeFiltersContextCustomizer@351584c0, org.springframework.boot.test.autoconfigure.properties.PropertyMappingContextCustomizer@fb99e2a, org.springframework.boot.test.autoconfigure.web.servlet.WebDriverContextCustomizerFactory$Customizer@3a512506, [ImportsContextCustomizer@3ce0d762 key = [org.springframework.boot.autoconfigure.cache.CacheAutoConfiguration, org.springframework.boot.autoconfigure.data.jpa.JpaRepositoriesAutoConfiguration, org.springframework.boot.autoconfigure.flyway.FlywayAutoConfiguration, org.springframework.boot.autoconfigure.jdbc.DataSourceAutoConfiguration, org.springframework.boot.autoconfigure.jdbc.DataSourceTransactionManagerAutoConfiguration, org.springframework.boot.autoconfigure.jdbc.JdbcTemplateAutoConfiguration, org.springframework.boot.autoconfigure.liquibase.LiquibaseAutoConfiguration, org.springframework.boot.autoconfigure.orm.jpa.HibernateJpaAutoConfiguration, org.springframework.boot.autoconfigure.transaction.TransactionAutoConfiguration, org.springframework.boot.test.autoconfigure.jdbc.TestDatabaseAutoConfiguration, org.springframework.boot.test.autoconfigure.orm.jpa.TestEntityManagerAutoConfiguration]], org.springframework.boot.test.context.filter.ExcludeFilterContextCustomizer@aa3663, org.springframework.boot.test.json.DuplicateJsonObjectContextCustomizerFactory$DuplicateJsonObjectContextCustomizer@5fef9608, org.springframework.boot.test.mock.mockito.MockitoContextCustomizer@0, org.springframework.boot.test.context.SpringBootTestArgs@1, org.springframework.boot.test.context.SpringBootTestWebEnvironment@0], contextLoader = 'org.springframework.boot.test.context.SpringBootContextLoader', parent = [null]], attributes = map[[empty]]]
]]></system-out>
  <system-err><![CDATA[]]></system-err>
</testsuite>
